<?xml version="1.0" encoding="UTF-8"?>
<!-- Generated by org.testng.reporters.JUnitReportReporter -->
<testsuite hostname="Mainaks-MacBook-Air.local" failures="0" tests="2" name="com.test.testcases.Validate_Login" time="6.166" errors="0" timestamp="2022-01-23T21:04:17 IST" skipped="0">
  <testcase classname="com.test.testcases.Validate_Login" name="successful_Login" time="2.918"/>
  <system-out/>
  <testcase classname="com.test.testcases.Validate_Login" name="successful_Login" time="3.248"/>
  <system-out/>
</testsuite> <!-- com.test.testcases.Validate_Login -->
