<?xml version="1.0" encoding="UTF-8"?>
<!-- Generated by org.testng.reporters.JUnitReportReporter -->
<testsuite hostname="Mainaks-MacBook-Air.local" failures="0" tests="1" name="testcases.OrangeHRM_Sprint3" time="32.537" errors="0" timestamp="2022-05-28T00:54:39 IST" skipped="0">
  <testcase classname="testcases.OrangeHRM_Sprint3" name="validate_employee_added_successfully_by_readingExcelfile" time="32.537"/>
  <system-out/>
</testsuite> <!-- testcases.OrangeHRM_Sprint3 -->
