<?xml version="1.0" encoding="UTF-8"?>
<!-- Generated by org.testng.reporters.JUnitReportReporter -->
<testsuite hostname="Mainaks-MacBook-Air.local" failures="0" tests="2" name="com.test.testcases.Validate_Login_headers" time="1.512" errors="0" timestamp="2022-01-23T21:04:17 IST" skipped="0">
  <testcase classname="com.test.testcases.Validate_Login_headers" name="loginheading" time="1.280"/>
  <system-out/>
  <testcase classname="com.test.testcases.Validate_Login_headers" name="loginheadingdisplayed" time="0.232"/>
  <system-out/>
</testsuite> <!-- com.test.testcases.Validate_Login_headers -->
